<?xml version="1.0" encoding="UTF-8"?>
<!-- Generated by org.testng.reporters.JUnitXMLReporter -->
<testsuite ignored="0" hostname="DESKTOP-VV8C2GO" failures="0" tests="3" name="Test" time="132.775" errors="0" timestamp="2024-06-21T11:15:24 IST">
  <testcase classname="com.comcast.crm.orgtest.CreateOrganizationTest" name="createOrgTest" time="44.019"/>
  <testcase classname="com.comcast.crm.orgtest.CreateOrganizationTest" name="createOrgWithIndTest" time="25.159"/>
  <testcase classname="com.comcast.crm.orgtest.CreateOrganizationTest" name="createOrgWithPhoneNumberTest" time="24.276"/>
</testsuite> <!-- Test -->
