<?xml version="1.0" encoding="UTF-8"?>
<testng-results ignored="0" total="3" passed="3" failed="0" skipped="0">
  <reporter-output>
  </reporter-output>
  <suite started-at="2024-06-21T11:13:11 IST" name="Suite" finished-at="2024-06-21T11:15:24 IST" duration-ms="132775">
    <groups>
      <group name="regressionTest">
        <method signature="CreateOrganizationTest.createOrgWithIndTest()[pri:0, instance:com.comcast.crm.orgtest.CreateOrganizationTest@15043a2f]" name="createOrgWithIndTest" class="com.comcast.crm.orgtest.CreateOrganizationTest"/>
        <method signature="CreateOrganizationTest.createOrgWithPhoneNumberTest()[pri:0, instance:com.comcast.crm.orgtest.CreateOrganizationTest@15043a2f]" name="createOrgWithPhoneNumberTest" class="com.comcast.crm.orgtest.CreateOrganizationTest"/>
      </group> <!-- regressionTest -->
      <group name="smokeTest">
        <method signature="CreateOrganizationTest.createOrgTest()[pri:0, instance:com.comcast.crm.orgtest.CreateOrganizationTest@15043a2f]" name="createOrgTest" class="com.comcast.crm.orgtest.CreateOrganizationTest"/>
      </group> <!-- smokeTest -->
    </groups>
    <test started-at="2024-06-21T11:13:11 IST" name="Test" finished-at="2024-06-21T11:15:24 IST" duration-ms="132775">
      <class name="com.comcast.crm.orgtest.CreateOrganizationTest">
        <test-method is-config="true" signature="configBS()[pri:0, instance:com.comcast.crm.orgtest.CreateOrganizationTest@15043a2f]" started-at="2024-06-21T11:13:11 IST" name="configBS" finished-at="2024-06-21T11:13:11 IST" duration-ms="52" status="PASS">
          <reporter-output>
          </reporter-output>
        </test-method> <!-- configBS -->
        <test-method is-config="true" signature="configBC()[pri:0, instance:com.comcast.crm.orgtest.CreateOrganizationTest@15043a2f]" started-at="2024-06-21T11:13:12 IST" name="configBC" finished-at="2024-06-21T11:13:18 IST" duration-ms="6760" status="PASS">
          <reporter-output>
          </reporter-output>
        </test-method> <!-- configBC -->
        <test-method is-config="true" signature="configBM()[pri:0, instance:com.comcast.crm.orgtest.CreateOrganizationTest@15043a2f]" started-at="2024-06-21T11:13:18 IST" name="configBM" finished-at="2024-06-21T11:13:27 IST" duration-ms="8511" status="PASS">
          <reporter-output>
          </reporter-output>
        </test-method> <!-- configBM -->
        <test-method signature="createOrgTest()[pri:0, instance:com.comcast.crm.orgtest.CreateOrganizationTest@15043a2f]" started-at="2024-06-21T11:13:27 IST" name="createOrgTest" finished-at="2024-06-21T11:14:11 IST" duration-ms="44019" status="PASS">
          <reporter-output>
          </reporter-output>
        </test-method> <!-- createOrgTest -->
        <test-method is-config="true" signature="configAM()[pri:0, instance:com.comcast.crm.orgtest.CreateOrganizationTest@15043a2f]" started-at="2024-06-21T11:14:11 IST" name="configAM" finished-at="2024-06-21T11:14:15 IST" duration-ms="4233" status="PASS">
          <reporter-output>
          </reporter-output>
        </test-method> <!-- configAM -->
        <test-method is-config="true" signature="configBM()[pri:0, instance:com.comcast.crm.orgtest.CreateOrganizationTest@15043a2f]" started-at="2024-06-21T11:14:15 IST" name="configBM" finished-at="2024-06-21T11:14:22 IST" duration-ms="6438" status="PASS">
          <reporter-output>
          </reporter-output>
        </test-method> <!-- configBM -->
        <test-method signature="createOrgWithIndTest()[pri:0, instance:com.comcast.crm.orgtest.CreateOrganizationTest@15043a2f]" started-at="2024-06-21T11:14:22 IST" name="createOrgWithIndTest" finished-at="2024-06-21T11:14:47 IST" duration-ms="25159" status="PASS">
          <reporter-output>
          </reporter-output>
        </test-method> <!-- createOrgWithIndTest -->
        <test-method is-config="true" signature="configAM()[pri:0, instance:com.comcast.crm.orgtest.CreateOrganizationTest@15043a2f]" started-at="2024-06-21T11:14:47 IST" name="configAM" finished-at="2024-06-21T11:14:49 IST" duration-ms="2638" status="PASS">
          <reporter-output>
          </reporter-output>
        </test-method> <!-- configAM -->
        <test-method is-config="true" signature="configBM()[pri:0, instance:com.comcast.crm.orgtest.CreateOrganizationTest@15043a2f]" started-at="2024-06-21T11:14:49 IST" name="configBM" finished-at="2024-06-21T11:14:56 IST" duration-ms="6456" status="PASS">
          <reporter-output>
          </reporter-output>
        </test-method> <!-- configBM -->
        <test-method signature="createOrgWithPhoneNumberTest()[pri:0, instance:com.comcast.crm.orgtest.CreateOrganizationTest@15043a2f]" started-at="2024-06-21T11:14:56 IST" name="createOrgWithPhoneNumberTest" finished-at="2024-06-21T11:15:20 IST" duration-ms="24276" status="PASS">
          <reporter-output>
          </reporter-output>
        </test-method> <!-- createOrgWithPhoneNumberTest -->
        <test-method is-config="true" signature="configAM()[pri:0, instance:com.comcast.crm.orgtest.CreateOrganizationTest@15043a2f]" started-at="2024-06-21T11:15:20 IST" name="configAM" finished-at="2024-06-21T11:15:23 IST" duration-ms="2818" status="PASS">
          <reporter-output>
          </reporter-output>
        </test-method> <!-- configAM -->
        <test-method is-config="true" signature="configAC()[pri:0, instance:com.comcast.crm.orgtest.CreateOrganizationTest@15043a2f]" started-at="2024-06-21T11:15:23 IST" name="configAC" finished-at="2024-06-21T11:15:24 IST" duration-ms="1213" status="PASS">
          <reporter-output>
          </reporter-output>
        </test-method> <!-- configAC -->
        <test-method is-config="true" signature="configAS()[pri:0, instance:com.comcast.crm.orgtest.CreateOrganizationTest@15043a2f]" started-at="2024-06-21T11:15:24 IST" name="configAS" finished-at="2024-06-21T11:15:24 IST" duration-ms="1" status="PASS">
          <reporter-output>
          </reporter-output>
        </test-method> <!-- configAS -->
      </class> <!-- com.comcast.crm.orgtest.CreateOrganizationTest -->
    </test> <!-- Test -->
  </suite> <!-- Suite -->
</testng-results>
